*** Using Compiler 'V5.06 update 5 (build 528)', folder: 'D:\Keil5\ARM\ARMCC\Bin'
Build target 'Template'
compiling Control.c...
compiling Key.c...
compiling Motor.c...
compiling stm32f4xx_it.c...
compiling Encoder.c...
compiling main.c...
compiling LED.c...
compiling Timer.c...
compiling EXTI.c...
compiling PWM.c...
compiling OLED.c...
compiling DataScope.c...
compiling Speed.c...
compiling inv_mpu.c...
compiling function.c...
compiling state.c...
compiling camera.c...
compiling Bluetooth.c...
compiling mpuiic.c...
compiling mpu6050.c...
compiling OV2640.c...
compiling Menu.c...
compiling PS2.c...
compiling inv_mpu_dmp_motion_driver.c...
compiling Buzzer.c...
compiling VisionAnalys.c...
compiling Direction.c...
compiling lcd.c...
compiling fuzzy.c...
compiling Delay.c...
compiling sys.c...
compiling USART.c...
compiling DCMI.c...
compiling misc.c...
compiling SCCB.c...
compiling stm32f4xx_adc.c...
compiling stm32f4xx_cec.c...
compiling stm32f4xx_crc.c...
compiling stm32f4xx_can.c...
compiling stm32f4xx_cryp.c...
compiling stm32f4xx_cryp_des.c...
compiling stm32f4xx_cryp_aes.c...
compiling stm32f4xx_cryp_tdes.c...
compiling stm32f4xx_dbgmcu.c...
compiling stm32f4xx_dac.c...
compiling stm32f4xx_dfsdm.c...
compiling stm32f4xx_dcmi.c...
compiling stm32f4xx_dsi.c...
compiling stm32f4xx_exti.c...
compiling stm32f4xx_dma.c...
compiling stm32f4xx_flash.c...
compiling stm32f4xx_flash_ramfunc.c...
compiling stm32f4xx_fmpi2c.c...
compiling stm32f4xx_gpio.c...
compiling stm32f4xx_hash.c...
compiling stm32f4xx_hash_md5.c...
compiling stm32f4xx_hash_sha1.c...
compiling stm32f4xx_iwdg.c...
compiling stm32f4xx_i2c.c...
compiling stm32f4xx_lptim.c...
compiling stm32f4xx_pwr.c...
compiling stm32f4xx_qspi.c...
compiling stm32f4xx_rcc.c...
compiling stm32f4xx_rng.c...
assembling startup_stm32f40xx.s...
compiling stm32f4xx_sai.c...
compiling stm32f4xx_rtc.c...
compiling stm32f4xx_sdio.c...
compiling stm32f4xx_spdifrx.c...
compiling stm32f4xx_wwdg.c...
compiling stm32f4xx_spi.c...
compiling stm32f4xx_syscfg.c...
compiling stm32f4xx_usart.c...
compiling stm32f4xx_fsmc.c...
compiling stm32f4xx_tim.c...
compiling system_stm32f4xx.c...
linking...
Program Size: Code=6044 RO-data=8576 RW-data=92 ZI-data=1252  
".\Objects\Project.axf" - 0 Error(s), 0 Warning(s).
Build Time Elapsed:  00:00:08
